<?xml version="1.0" encoding="UTF-8"?>
<!-- Generated by org.testng.reporters.JUnitReportReporter -->
<testsuite hostname="EC2AMAZ-S11DBRH" failures="0" tests="4" name="runners.ParallelExecution" time="46.709" errors="0" timestamp="2023-08-25T06:24:09 GMT" skipped="0">
  <testcase classname="runners.ParallelExecution" name="runScenario" time="12.987"/>
  <system-out/>
  <testcase classname="runners.ParallelExecution" name="runScenario" time="11.399"/>
  <system-out/>
  <testcase classname="runners.ParallelExecution" name="runScenario" time="9.342"/>
  <system-out/>
  <testcase classname="runners.ParallelExecution" name="runScenario" time="12.981"/>
  <system-out/>
</testsuite> <!-- runners.ParallelExecution -->
