<?xml version="1.0" encoding="UTF-8"?>
<!-- Generated by org.testng.reporters.JUnitReportReporter -->
<testsuite hostname="EC2AMAZ-S11DBRH" failures="0" tests="1" name="runners.TaggedRunner" time="0.164" errors="0" timestamp="2023-08-28T05:27:22 GMT" skipped="0">
  <testcase classname="runners.TaggedRunner" name="runScenario" time="0.164"/>
  <system-out/>
</testsuite> <!-- runners.TaggedRunner -->
