<?xml version="1.0" encoding="UTF-8"?>
<!-- Generated by org.testng.reporters.JUnitReportReporter -->
<testsuite hostname="EC2AMAZ-S11DBRH" failures="0" tests="1" name="runners.CRUDRunner" time="0.165" errors="0" timestamp="2023-08-25T07:27:38 GMT" skipped="0">
  <testcase classname="runners.CRUDRunner" name="runScenario" time="0.165"/>
  <system-out/>
</testsuite> <!-- runners.CRUDRunner -->
