<?xml version="1.0" encoding="UTF-8"?>
<!-- Generated by org.testng.reporters.JUnitReportReporter -->
<testsuite hostname="EC2AMAZ-S11DBRH" failures="0" tests="3" name="runners.Backgroundhooks" time="0.209" errors="0" timestamp="2023-08-28T06:05:29 GMT" skipped="0">
  <testcase classname="runners.Backgroundhooks" name="runScenario" time="0.026"/>
  <system-out/>
  <testcase classname="runners.Backgroundhooks" name="runScenario" time="0.021"/>
  <system-out/>
  <testcase classname="runners.Backgroundhooks" name="runScenario" time="0.162"/>
  <system-out/>
</testsuite> <!-- runners.Backgroundhooks -->
