<?xml version="1.0" encoding="UTF-8"?>
<!-- Generated by org.testng.reporters.JUnitReportReporter -->
<testsuite hostname="EC2AMAZ-S11DBRH" failures="0" tests="4" name="runners.TaggedRunner" time="0.200" errors="0" timestamp="2023-08-25T07:55:26 GMT" skipped="0">
  <testcase classname="runners.TaggedRunner" name="runScenario" time="0.021"/>
  <system-out/>
  <testcase classname="runners.TaggedRunner" name="runScenario" time="0.014"/>
  <system-out/>
  <testcase classname="runners.TaggedRunner" name="runScenario" time="0.147"/>
  <system-out/>
  <testcase classname="runners.TaggedRunner" name="runScenario" time="0.018"/>
  <system-out/>
</testsuite> <!-- runners.TaggedRunner -->
