<?xml version="1.0" encoding="UTF-8"?>
<!-- Generated by org.testng.reporters.JUnitReportReporter -->
<testsuite hostname="EC2AMAZ-S11DBRH" failures="0" tests="3" name="runners.TaggedRunner" time="0.229" errors="0" timestamp="2023-08-28T05:58:37 GMT" skipped="0">
  <testcase classname="runners.TaggedRunner" name="runScenario" time="0.152"/>
  <system-out/>
  <testcase classname="runners.TaggedRunner" name="runScenario" time="0.026"/>
  <system-out/>
  <testcase classname="runners.TaggedRunner" name="runScenario" time="0.051"/>
  <system-out/>
</testsuite> <!-- runners.TaggedRunner -->
