<?xml version="1.0" encoding="UTF-8"?>
<!-- Generated by org.testng.reporters.JUnitReportReporter -->
<testsuite hostname="EC2AMAZ-S11DBRH" failures="0" tests="3" name="runners.MyTestRunner" time="17.830" errors="0" timestamp="2023-08-24T07:16:36 GMT" skipped="0">
  <testcase classname="runners.MyTestRunner" name="runScenario" time="6.173"/>
  <system-out/>
  <testcase classname="runners.MyTestRunner" name="runScenario" time="6.682"/>
  <system-out/>
  <testcase classname="runners.MyTestRunner" name="runScenario" time="4.975"/>
  <system-out/>
</testsuite> <!-- runners.MyTestRunner -->
