<?xml version="1.0" encoding="UTF-8"?>
<!-- Generated by org.testng.reporters.JUnitReportReporter -->
<testsuite hostname="EC2AMAZ-S11DBRH" failures="0" tests="3" name="runners.MyTestRunner" time="18.922" errors="0" timestamp="2023-08-24T07:06:53 GMT" skipped="0">
  <testcase classname="runners.MyTestRunner" name="runScenario" time="5.988"/>
  <system-out/>
  <testcase classname="runners.MyTestRunner" name="runScenario" time="7.436"/>
  <system-out/>
  <testcase classname="runners.MyTestRunner" name="runScenario" time="5.498"/>
  <system-out/>
</testsuite> <!-- runners.MyTestRunner -->
