<?xml version="1.0" encoding="UTF-8"?>
<!-- Generated by org.testng.reporters.JUnitReportReporter -->
<testsuite hostname="EC2AMAZ-S11DBRH" failures="0" tests="1" name="runners.Rerunner" time="8.436" errors="0" timestamp="2023-08-25T04:27:24 GMT" skipped="0">
  <testcase classname="runners.Rerunner" name="runScenario" time="8.436"/>
  <system-out/>
</testsuite> <!-- runners.Rerunner -->
