<?xml version="1.0" encoding="UTF-8"?>
<!-- Generated by org.testng.reporters.JUnitReportReporter -->
<testsuite hostname="EC2AMAZ-S11DBRH" failures="0" tests="2" name="runners.TaggedRunner" time="0.156" errors="0" timestamp="2023-08-25T07:50:56 GMT" skipped="0">
  <testcase classname="runners.TaggedRunner" name="runScenario" time="0.020"/>
  <system-out/>
  <testcase classname="runners.TaggedRunner" name="runScenario" time="0.136"/>
  <system-out/>
</testsuite> <!-- runners.TaggedRunner -->
