<?xml version="1.0" encoding="UTF-8"?>
<!-- Generated by org.testng.reporters.JUnitReportReporter -->
<testsuite hostname="EC2AMAZ-S11DBRH" failures="0" tests="2" name="runners.TaggedRunner" time="0.215" errors="0" timestamp="2023-08-25T08:01:01 GMT" skipped="0">
  <testcase classname="runners.TaggedRunner" name="runScenario" time="0.068"/>
  <system-out/>
  <testcase classname="runners.TaggedRunner" name="runScenario" time="0.147"/>
  <system-out/>
</testsuite> <!-- runners.TaggedRunner -->
